app/build/outputs/logs/manifest-merger-debug-report.txt
-- Merging decision tree log ---
manifest
ADDED from src\main\AndroidManifest.xml:2:1-80:12
	package
		ADDED from src\main\AndroidManifest.xml:3:5-36
		INJECTED from src\main\AndroidManifest.xml
		INJECTED from src\main\AndroidManifest.xml
	android:versionName
		ADDED from src\main\AndroidManifest.xml:5:5-30
		INJECTED from src\main\AndroidManifest.xml
		INJECTED from src\main\AndroidManifest.xml
	android:versionCode
		ADDED from src\main\AndroidManifest.xml:4:5-28
		INJECTED from src\main\AndroidManifest.xml
		INJECTED from src\main\AndroidManifest.xml
	xmlns:android
		ADDED from src\main\AndroidManifest.xml:2:11-69
uses-sdk
ADDED from src\main\AndroidManifest.xml:7:5-9:41
	android:targetSdkVersion
		ADDED from src\main\AndroidManifest.xml:9:9-38
		INJECTED from src\main\AndroidManifest.xml
		INJECTED from src\main\AndroidManifest.xml
	android:minSdkVersion
		ADDED from src\main\AndroidManifest.xml:8:9-35
		INJECTED from src\main\AndroidManifest.xml
		INJECTED from src\main\AndroidManifest.xml
permission#cn.bmob.permission.push
ADDED from src\main\AndroidManifest.xml:11:5-102
	android:protectionLevel
		ADDED from src\main\AndroidManifest.xml:11:17-49
	android:name
		ADDED from src\main\AndroidManifest.xml:11:50-88
uses-permission#cn.bmob.permission.push
ADDED from src\main\AndroidManifest.xml:12:5-62
	android:name
		ADDED from src\main\AndroidManifest.xml:12:22-60
uses-permission#android.permission.READ_LOGS
ADDED from src\main\AndroidManifest.xml:13:5-68
	android:name
		ADDED from src\main\AndroidManifest.xml:13:22-65
uses-permission#android.permission.INTERNET
ADDED from src\main\AndroidManifest.xml:14:5-67
	android:name
		ADDED from src\main\AndroidManifest.xml:14:22-64
uses-permission#android.permission.READ_PHONE_STATE
ADDED from src\main\AndroidManifest.xml:15:5-75
	android:name
		ADDED from src\main\AndroidManifest.xml:15:22-72
uses-permission#android.permission.WAKE_LOCK
ADDED from src\main\AndroidManifest.xml:16:5-68
	android:name
		ADDED from src\main\AndroidManifest.xml:16:22-65
uses-permission#android.permission.RECEIVE_BOOT_COMPLETED
ADDED from src\main\AndroidManifest.xml:17:5-81
	android:name
		ADDED from src\main\AndroidManifest.xml:17:22-78
uses-permission#android.permission.WRITE_EXTERNAL_STORAGE
ADDED from src\main\AndroidManifest.xml:18:5-81
	android:name
		ADDED from src\main\AndroidManifest.xml:18:22-78
uses-permission#android.permission.VIBRATE
ADDED from src\main\AndroidManifest.xml:19:5-66
	android:name
		ADDED from src\main\AndroidManifest.xml:19:22-63
uses-permission#android.permission.ACCESS_NETWORK_STATE
ADDED from src\main\AndroidManifest.xml:20:5-79
	android:name
		ADDED from src\main\AndroidManifest.xml:20:22-76
uses-permission#android.permission.ACCESS_WIFI_STATE
ADDED from src\main\AndroidManifest.xml:21:5-76
	android:name
		ADDED from src\main\AndroidManifest.xml:21:22-73
uses-permission#android.permission.RECEIVE_USER_PRESENT
ADDED from src\main\AndroidManifest.xml:22:5-79
	android:name
		ADDED from src\main\AndroidManifest.xml:22:22-76
application
ADDED from src\main\AndroidManifest.xml:24:5-78:19
	android:label
		ADDED from src\main\AndroidManifest.xml:27:9-41
	android:allowBackup
		ADDED from src\main\AndroidManifest.xml:25:9-35
	android:icon
		ADDED from src\main\AndroidManifest.xml:26:9-45
	android:theme
		ADDED from src\main\AndroidManifest.xml:28:9-40
activity#com.bmob.bmobpushdemo.MainActivity
ADDED from src\main\AndroidManifest.xml:29:9-37:20
	android:label
		ADDED from src\main\AndroidManifest.xml:31:13-45
	android:name
		ADDED from src\main\AndroidManifest.xml:30:13-41
intent-filter#android.intent.action.MAIN+android.intent.category.LAUNCHER
ADDED from src\main\AndroidManifest.xml:32:13-36:29
action#android.intent.action.MAIN
ADDED from src\main\AndroidManifest.xml:33:17-69
	android:name
		ADDED from src\main\AndroidManifest.xml:33:25-66
category#android.intent.category.LAUNCHER
ADDED from src\main\AndroidManifest.xml:35:17-77
	android:name
		ADDED from src\main\AndroidManifest.xml:35:27-74
service#cn.bmob.push.lib.service.PushService
ADDED from src\main\AndroidManifest.xml:40:9-49:19
	android:process
		ADDED from src\main\AndroidManifest.xml:43:13-43
	android:label
		ADDED from src\main\AndroidManifest.xml:41:16-43
	android:exported
		ADDED from src\main\AndroidManifest.xml:45:13-36
	android:permission
		ADDED from src\main\AndroidManifest.xml:44:13-57
	android:name
		ADDED from src\main\AndroidManifest.xml:42:13-64
intent-filter#cn.bmob.push.lib.service.PushService
ADDED from src\main\AndroidManifest.xml:46:14-48:30
action#cn.bmob.push.lib.service.PushService
ADDED from src\main\AndroidManifest.xml:47:18-79
	android:name
		ADDED from src\main\AndroidManifest.xml:47:26-77
receiver#cn.bmob.push.PushReceiver
ADDED from src\main\AndroidManifest.xml:51:9-60:20
	android:name
		ADDED from src\main\AndroidManifest.xml:51:19-59
intent-filter#android.intent.action.BOOT_COMPLETED+android.intent.action.USER_PRESENT+android.net.conn.CONNECTIVITY_CHANGE
ADDED from src\main\AndroidManifest.xml:52:13-59:29
	android:priority
		ADDED from src\main\AndroidManifest.xml:52:28-57
action#android.intent.action.BOOT_COMPLETED
ADDED from src\main\AndroidManifest.xml:54:17-79
	android:name
		ADDED from src\main\AndroidManifest.xml:54:25-76
action#android.intent.action.USER_PRESENT
ADDED from src\main\AndroidManifest.xml:56:17-77
	android:name
		ADDED from src\main\AndroidManifest.xml:56:25-74
action#android.net.conn.CONNECTIVITY_CHANGE
ADDED from src\main\AndroidManifest.xml:58:17-79
	android:name
		ADDED from src\main\AndroidManifest.xml:58:25-76
receiver#com.bmob.bmobpushdemo.MyPushMessageReceiver
ADDED from src\main\AndroidManifest.xml:63:9-67:20
	android:name
		ADDED from src\main\AndroidManifest.xml:63:19-77
intent-filter#cn.bmob.push.action.MESSAGE
ADDED from src\main\AndroidManifest.xml:64:13-66:29
action#cn.bmob.push.action.MESSAGE
ADDED from src\main\AndroidManifest.xml:65:17-69
	android:name
		ADDED from src\main\AndroidManifest.xml:65:25-67